[main cf19838] This is our capstone project. Uploaded file structure.
 24 files changed, 1148 insertions(+)
 create mode 100644 Europe Travel/css/style.css
 create mode 100644 Europe Travel/images/about-vid.mp4
 create mode 100644 Europe Travel/images/contact-img.svg
 create mode 100644 Europe Travel/images/home-bg.jpg
 create mode 100644 Europe Travel/images/icon-1.png
 create mode 100644 Europe Travel/images/icon-2.png
 create mode 100644 Europe Travel/images/icon-3.png
 create mode 100644 Europe Travel/images/icon-4.png
 create mode 100644 Europe Travel/images/img-1.jfif
 create mode 100644 Europe Travel/images/img-2.jfif
 create mode 100644 Europe Travel/images/img-3.jpg
 create mode 100644 Europe Travel/images/img-4.jpg
 create mode 100644 Europe Travel/images/img-5.jpg
 create mode 100644 Europe Travel/images/img-6.jpg
 create mode 100644 Europe Travel/images/img-7.jpg
 create mode 100644 Europe Travel/images/img-8.jpg
 create mode 100644 Europe Travel/images/img-9.jpg
 create mode 100644 Europe Travel/images/pic-1.jpg
 create mode 100644 Europe Travel/images/pic-2.png
 create mode 100644 Europe Travel/images/pic-3.jpg
 create mode 100644 Europe Travel/index.html
 create mode 100644 Europe Travel/js/script.js
 create mode 100644 LICENSE
 create mode 100644 file.log
[main c9e79c2] Modified log
 1 file changed, 26 insertions(+)
[main f90bab7] File.log
 1 file changed, 2 insertions(+)
